<?xml version="1.0" encoding="UTF-8"?>
<!-- Generated by org.testng.reporters.JUnitXMLReporter -->
<testsuite ignored="0" hostname="shreya" failures="0" tests="9" name="Default test" time="6.691" errors="0" timestamp="2024-06-24T15:03:17 EDT">
  <testcase classname="api.test.DataDrivenTestsStore" name="testPostOrder" time="2.712"/>
  <testcase classname="api.test.DataDrivenTestsStore" name="testPostOrder" time="0.203"/>
  <testcase classname="api.test.DataDrivenTestsStore" name="testPostOrder" time="0.2"/>
  <testcase classname="api.test.DataDrivenTestsStore" name="testGetOderByOrderId" time="0.496"/>
  <testcase classname="api.test.DataDrivenTestsStore" name="testGetOderByOrderId" time="0.183"/>
  <testcase classname="api.test.DataDrivenTestsStore" name="testGetOderByOrderId" time="0.183"/>
  <testcase classname="api.test.DataDrivenTestsStore" name="testDeleteOrderByOrderId" time="0.167"/>
  <testcase classname="api.test.DataDrivenTestsStore" name="testDeleteOrderByOrderId" time="0.161"/>
  <testcase classname="api.test.DataDrivenTestsStore" name="testDeleteOrderByOrderId" time="0.173"/>
</testsuite> <!-- Default test -->
