<?xml version="1.0" encoding="UTF-8"?>
<!-- Generated by org.testng.reporters.JUnitXMLReporter -->
<testsuite ignored="0" hostname="DESKTOP-T6MEI5V" failures="0" tests="6" name="Default test" time="22.005" errors="0" timestamp="2024-01-24T14:23:18 EST">
  <testcase classname="api.test.DataDrivenTests" name="testPostUser" time="10.538"/>
  <testcase classname="api.test.DataDrivenTests" name="testPostUser" time="0.256"/>
  <testcase classname="api.test.DataDrivenTests" name="testPostUser" time="1.221"/>
  <testcase classname="api.test.DataDrivenTests" name="testDeleteUserByName" time="0.395"/>
  <testcase classname="api.test.DataDrivenTests" name="testDeleteUserByName" time="1.209"/>
  <testcase classname="api.test.DataDrivenTests" name="testDeleteUserByName" time="0.455"/>
</testsuite> <!-- Default test -->
