<?xml version="1.0" encoding="UTF-8"?>
<!-- Generated by org.testng.reporters.JUnitXMLReporter -->
<testsuite ignored="0" hostname="shreya" failures="0" tests="11" name="Test" time="6.498" errors="0" timestamp="2024-06-26T12:17:26 EDT">
  <testcase classname="api.test.PetTests" name="testPostPet" time="1.447"/>
  <testcase classname="api.test.PetTests" name="testGetPetById" time="0.316"/>
  <testcase classname="api.test.PetTests" name="testUpdatePet" time="0.575"/>
  <testcase classname="api.test.PetTests" name="testDeletePetById" time="0.239"/>
  <testcase classname="api.test.UserTests2" name="testPostUser" time="0.31"/>
  <testcase classname="api.test.UserTests2" name="testGetUserByName" time="0.21"/>
  <testcase classname="api.test.UserTests2" name="testUpdatetUserByName" time="0.419"/>
  <testcase classname="api.test.UserTests2" name="testDeleteUserByName" time="0.32"/>
  <testcase classname="api.test.StoreTests" name="testPostOrder" time="0.465"/>
  <testcase classname="api.test.StoreTests" name="testGetOrder" time="0.445"/>
  <testcase classname="api.test.StoreTests" name="testDeleteOrder" time="0.923"/>
</testsuite> <!-- Test -->
