<?xml version="1.0" encoding="UTF-8"?>
<testng-results ignored="0" total="11" passed="11" failed="0" skipped="0">
  <reporter-output>
  </reporter-output>
  <suite started-at="2024-06-26T12:17:19 EDT" name="Suite" finished-at="2024-06-26T12:17:25 EDT" duration-ms="6498">
    <groups>
    </groups>
    <test started-at="2024-06-26T12:17:19 EDT" name="Test" finished-at="2024-06-26T12:17:25 EDT" duration-ms="6498">
      <class name="api.test.UserTests2">
        <test-method is-config="true" signature="setup()[pri:0, instance:api.test.UserTests2@6025e1b6]" started-at="2024-06-26T12:17:22 EDT" name="setup" finished-at="2024-06-26T12:17:22 EDT" duration-ms="58" status="PASS">
          <reporter-output>
          </reporter-output>
        </test-method> <!-- setup -->
        <test-method signature="testPostUser()[pri:1, instance:api.test.UserTests2@6025e1b6]" started-at="2024-06-26T12:17:22 EDT" name="testPostUser" finished-at="2024-06-26T12:17:23 EDT" duration-ms="310" status="PASS">
          <reporter-output>
          </reporter-output>
        </test-method> <!-- testPostUser -->
        <test-method signature="testGetUserByName()[pri:2, instance:api.test.UserTests2@6025e1b6]" started-at="2024-06-26T12:17:23 EDT" name="testGetUserByName" finished-at="2024-06-26T12:17:23 EDT" duration-ms="210" status="PASS">
          <reporter-output>
          </reporter-output>
        </test-method> <!-- testGetUserByName -->
        <test-method signature="testUpdatetUserByName()[pri:3, instance:api.test.UserTests2@6025e1b6]" started-at="2024-06-26T12:17:23 EDT" name="testUpdatetUserByName" finished-at="2024-06-26T12:17:23 EDT" duration-ms="419" status="PASS">
          <reporter-output>
          </reporter-output>
        </test-method> <!-- testUpdatetUserByName -->
        <test-method signature="testDeleteUserByName()[pri:4, instance:api.test.UserTests2@6025e1b6]" started-at="2024-06-26T12:17:23 EDT" name="testDeleteUserByName" finished-at="2024-06-26T12:17:24 EDT" duration-ms="320" status="PASS">
          <reporter-output>
          </reporter-output>
        </test-method> <!-- testDeleteUserByName -->
      </class> <!-- api.test.UserTests2 -->
      <class name="api.test.PetTests">
        <test-method is-config="true" signature="setup()[pri:0, instance:api.test.PetTests@45752059]" started-at="2024-06-26T12:17:19 EDT" name="setup" finished-at="2024-06-26T12:17:20 EDT" duration-ms="534" status="PASS">
          <reporter-output>
          </reporter-output>
        </test-method> <!-- setup -->
        <test-method signature="testPostPet()[pri:1, instance:api.test.PetTests@45752059]" started-at="2024-06-26T12:17:20 EDT" name="testPostPet" finished-at="2024-06-26T12:17:21 EDT" duration-ms="1447" status="PASS">
          <reporter-output>
          </reporter-output>
        </test-method> <!-- testPostPet -->
        <test-method signature="testGetPetById()[pri:2, instance:api.test.PetTests@45752059]" started-at="2024-06-26T12:17:21 EDT" name="testGetPetById" finished-at="2024-06-26T12:17:21 EDT" duration-ms="316" status="PASS">
          <reporter-output>
          </reporter-output>
        </test-method> <!-- testGetPetById -->
        <test-method signature="testUpdatePet()[pri:3, instance:api.test.PetTests@45752059]" started-at="2024-06-26T12:17:21 EDT" name="testUpdatePet" finished-at="2024-06-26T12:17:22 EDT" duration-ms="575" status="PASS">
          <reporter-output>
          </reporter-output>
        </test-method> <!-- testUpdatePet -->
        <test-method signature="testDeletePetById()[pri:4, instance:api.test.PetTests@45752059]" started-at="2024-06-26T12:17:22 EDT" name="testDeletePetById" finished-at="2024-06-26T12:17:22 EDT" duration-ms="239" status="PASS">
          <reporter-output>
          </reporter-output>
        </test-method> <!-- testDeletePetById -->
      </class> <!-- api.test.PetTests -->
      <class name="api.test.StoreTests">
        <test-method is-config="true" signature="setup()[pri:0, instance:api.test.StoreTests@22ff4249]" started-at="2024-06-26T12:17:24 EDT" name="setup" finished-at="2024-06-26T12:17:24 EDT" duration-ms="12" status="PASS">
          <reporter-output>
          </reporter-output>
        </test-method> <!-- setup -->
        <test-method signature="testPostOrder()[pri:1, instance:api.test.StoreTests@22ff4249]" started-at="2024-06-26T12:17:24 EDT" name="testPostOrder" finished-at="2024-06-26T12:17:24 EDT" duration-ms="465" status="PASS">
          <reporter-output>
          </reporter-output>
        </test-method> <!-- testPostOrder -->
        <test-method signature="testGetOrder()[pri:2, instance:api.test.StoreTests@22ff4249]" started-at="2024-06-26T12:17:24 EDT" name="testGetOrder" finished-at="2024-06-26T12:17:25 EDT" duration-ms="445" status="PASS">
          <reporter-output>
          </reporter-output>
        </test-method> <!-- testGetOrder -->
        <test-method signature="testDeleteOrder()[pri:3, instance:api.test.StoreTests@22ff4249]" started-at="2024-06-26T12:17:25 EDT" name="testDeleteOrder" finished-at="2024-06-26T12:17:25 EDT" duration-ms="923" status="PASS">
          <reporter-output>
          </reporter-output>
        </test-method> <!-- testDeleteOrder -->
      </class> <!-- api.test.StoreTests -->
    </test> <!-- Test -->
  </suite> <!-- Suite -->
</testng-results>
