<?xml version="1.0" encoding="UTF-8"?>
<!-- Generated by org.testng.reporters.JUnitXMLReporter -->
<testsuite ignored="0" hostname="DESKTOP-T6MEI5V" failures="0" tests="4" name="PetTests" time="33.761" errors="0" timestamp="2024-01-29T13:26:52 EST">
  <testcase classname="api.test.UserTests2" name="testPostUser" time="16.991"/>
  <testcase classname="api.test.UserTests2" name="testGetUserByName" time="0.31"/>
  <testcase classname="api.test.UserTests2" name="testUpdatetUserByName" time="0.445"/>
  <testcase classname="api.test.UserTests2" name="testDeleteUserByName" time="0.202"/>
</testsuite> <!-- PetTests -->
