<?xml version="1.0" encoding="UTF-8"?>
<!-- Generated by org.testng.reporters.JUnitXMLReporter -->
<testsuite ignored="0" hostname="DESKTOP-T6MEI5V" failures="0" tests="4" name="PetTests" time="31.907" errors="0" timestamp="2024-01-25T16:59:50 EST">
  <testcase classname="api.test.UserTests" name="testPostUser" time="15.692"/>
  <testcase classname="api.test.UserTests" name="testGetUserByName" time="0.37"/>
  <testcase classname="api.test.UserTests" name="testUpdatetUserByName" time="0.58"/>
  <testcase classname="api.test.UserTests" name="testDeleteUserByName" time="0.225"/>
</testsuite> <!-- PetTests -->
